--------------------------------------------------------------------------------
ModelTest-NG v0.1.5

Input data:
  MSA:        ../data/alignment/ncbi_chrf_aln.fasta
  Tree:       Maximum parsimony
    file:           -
  #taxa:            250
  #sites:           12583
  #patterns (sum):  4086
  Max. thread mem:  278 MB

Output:
  Log:           ../data/alignment/ncbi_chrf_aln.fasta.log
  Starting tree: ../data/alignment/ncbi_chrf_aln.fasta.tree
  Results:       ../data/alignment/ncbi_chrf_aln.fasta.out

Selection options:
  # dna schemes:      11
  # dna models:       88
  include model parameters:
    Uniform:         true
    p-inv (+I):      true
    gamma (+G):      true
    both (+I+G):     true
    free rates (+R): false
    fixed freqs:     true
    estimated freqs: true
    #categories:     4
  asc bias:           none
  epsilon (opt):      0.01
  epsilon (par):      0.01

Additional options:
  verbosity:        very low
  threads:          2/4
  RNG seed:         12345
  subtree repeats:  enabled
Partitions:    ../data/modeltest/partition_modeltest.txt
               3 partitions
                  3 DNA partitions
--------------------------------------------------------------------------------

BIC       model              K            lnL          score          delta    weight
--------------------------------------------------------------------------------
       1  TrN+G4             6     -5359.5332     15467.4376         0.0000    0.9404
       2  TrN+I+G4           7     -5358.7010     15475.2134         7.7757    0.0193
       3  TIM3+G4            7     -5358.8613     15475.5340         8.0963    0.0164
       4  TIM1+G4            7     -5359.1472     15476.1059         8.6682    0.0123
       5  TIM2+G4            7     -5359.5303     15476.8721         9.4344    0.0084
       6  TrN+I              6     -5365.5346     15479.4405        12.0028    0.0023
       7  TIM3+I+G4          8     -5358.0078     15483.2671        15.8295    0.0003
       8  TIM1+I+G4          8     -5358.2981     15483.8478        16.4101    0.0003
       9  TIM2+I+G4          8     -5358.6987     15484.6488        17.2112    0.0002
      10  TIM3+I             7     -5364.6189     15487.0491        19.6115    0.0001
--------------------------------------------------------------------------------
Best model according to BIC
---------------------------
Model:              TrN+G4
lnL:                -5359.5332
Frequencies:        0.4748 0.1592 0.1576 0.2084
Subst. Rates:       1.0000 2.3606 1.0000 1.0000 8.7303 1.0000 
Inv. sites prop:    -
Gamma shape:        0.8994
Score:              15467.4376
Weight:             0.9404
---------------------------
Parameter importances
---------------------------
P.Inv:              0.0024
Gamma:              0.9775
Gamma-Inv:          0.0200
Frequencies:        1.0000
---------------------------
Model averaged estimates
---------------------------
P.Inv:              0.3278
Alpha:              0.8990
Alpha-P.Inv:        1.5773
P.Inv-Alpha:        0.1623
Frequencies:        0.4748 0.1592 0.1576 0.2084 

Commands:
  > phyml  -i ../data/alignment/ncbi_chrf_aln.fasta -m 010020 -f m -v 0 -a e -c 4 -o tlr
  > raxmlHPC-SSE3 -s ../data/alignment/ncbi_chrf_aln.fasta -m GTRGAMMAX -n EXEC_NAME -p PARSIMONY_SEED
  > raxml-ng --msa ../data/alignment/ncbi_chrf_aln.fasta --model TrN+G4
  > paup -s ../data/alignment/ncbi_chrf_aln.fasta
  > iqtree -s ../data/alignment/ncbi_chrf_aln.fasta -m TrN+G4

AIC       model              K            lnL          score          delta    weight
--------------------------------------------------------------------------------
       1  TrN+G4             6     -5359.5332     11725.0664         0.0000    0.1969
       2  TrN+I+G4           7     -5358.7010     11725.4020         0.3356    0.1665
       3  TIM3+G4            7     -5358.8613     11725.7226         0.6562    0.1418
       4  TIM3+I+G4          8     -5358.0078     11726.0156         0.9493    0.1225
       5  TIM1+G4            7     -5359.1472     11726.2945         1.2281    0.1065
       6  TIM1+I+G4          8     -5358.2981     11726.5963         1.5299    0.0916
       7  TIM2+G4            7     -5359.5303     11727.0607         1.9943    0.0726
       8  TIM2+I+G4          8     -5358.6987     11727.3973         2.3310    0.0614
       9  GTR+G4             9     -5358.7810     11729.5621         4.4957    0.0208
      10  GTR+I+G4          10     -5357.9281     11729.8562         4.7899    0.0180
--------------------------------------------------------------------------------
Best model according to AIC
---------------------------
Model:              TrN+G4
lnL:                -5359.5332
Frequencies:        0.4748 0.1592 0.1576 0.2084
Subst. Rates:       1.0000 2.3606 1.0000 1.0000 8.7303 1.0000 
Inv. sites prop:    -
Gamma shape:        0.8994
Score:              11725.0664
Weight:             0.1969
---------------------------
Parameter importances
---------------------------
P.Inv:              0.0014
Gamma:              0.5387
Gamma-Inv:          0.4599
Frequencies:        1.0000
---------------------------
Model averaged estimates
---------------------------
P.Inv:              0.3280
Alpha:              0.8932
Alpha-P.Inv:        1.5928
P.Inv-Alpha:        0.1636
Frequencies:        0.4751 0.1600 0.1577 0.2072 

Commands:
  > phyml  -i ../data/alignment/ncbi_chrf_aln.fasta -m 010020 -f m -v 0 -a e -c 4 -o tlr
  > raxmlHPC-SSE3 -s ../data/alignment/ncbi_chrf_aln.fasta -m GTRGAMMAX -n EXEC_NAME -p PARSIMONY_SEED
  > raxml-ng --msa ../data/alignment/ncbi_chrf_aln.fasta --model TrN+G4
  > paup -s ../data/alignment/ncbi_chrf_aln.fasta
  > iqtree -s ../data/alignment/ncbi_chrf_aln.fasta -m TrN+G4

AICc      model              K            lnL          score          delta    weight
--------------------------------------------------------------------------------
       1  TrN+G4             6     -5359.5332     11766.0664         0.0000    0.2878
       2  TrN+I+G4           7     -5358.7010     11767.4020         1.3356    0.1476
       3  TIM3+G4            7     -5358.8613     11767.7226         1.6562    0.1257
       4  TIM3+I+G4          8     -5358.0078     11768.0156         1.9493    0.1086
       5  TIM1+G4            7     -5359.1472     11768.2945         2.2281    0.0944
       6  TIM1+I+G4          8     -5358.2981     11768.5963         2.5299    0.0812
       7  TIM2+G4            7     -5359.5303     11769.0607         2.9943    0.0644
       8  TIM2+I+G4          8     -5358.6987     11769.3973         3.3310    0.0544
       9  GTR+G4             9     -5358.7810     11771.5621         5.4957    0.0184
      10  GTR+I+G4          10     -5357.9281     11771.8562         5.7899    0.0159
--------------------------------------------------------------------------------
Best model according to AICc
---------------------------
Model:              TrN+G4
lnL:                -5359.5332
Frequencies:        0.4748 0.1592 0.1576 0.2084
Subst. Rates:       1.0000 2.3606 1.0000 1.0000 8.7303 1.0000 
Inv. sites prop:    -
Gamma shape:        0.8994
Score:              11766.0664
Weight:             0.2878
---------------------------
Parameter importances
---------------------------
P.Inv:              0.0016
Gamma:              0.5907
Gamma-Inv:          0.4077
Frequencies:        1.0000
---------------------------
Model averaged estimates
---------------------------
P.Inv:              0.3280
Alpha:              0.8944
Alpha-P.Inv:        1.5928
P.Inv-Alpha:        0.1636
Frequencies:        0.4751 0.1599 0.1577 0.2073 

Commands:
  > phyml  -i ../data/alignment/ncbi_chrf_aln.fasta -m 010020 -f m -v 0 -a e -c 4 -o tlr
  > raxmlHPC-SSE3 -s ../data/alignment/ncbi_chrf_aln.fasta -m GTRGAMMAX -n EXEC_NAME -p PARSIMONY_SEED
  > raxml-ng --msa ../data/alignment/ncbi_chrf_aln.fasta --model TrN+G4
  > paup -s ../data/alignment/ncbi_chrf_aln.fasta
  > iqtree -s ../data/alignment/ncbi_chrf_aln.fasta -m TrN+G4

BIC       model              K            lnL          score          delta    weight
--------------------------------------------------------------------------------
       1  GTR+I+G4          10    -33354.9549     71496.0414         0.0000    1.0000
       2  GTR+G4             9    -33371.5136     71519.7188        23.6773    0.0000
       3  TIM2+I+G4          8    -33385.2719     71537.7952        41.7538    0.0000
       4  TIM2+G4            7    -33401.1373     71560.0861        64.0446    0.0000
       5  GTR+I              9    -33399.2414     71575.1745        79.1330    0.0000
       6  TIM3+I+G4          8    -33412.1054     71591.4623        95.4209    0.0000
       7  SYM+I+G4           7    -33425.8231     71609.4575       113.4161    0.0000
       8  TIM3+G4            7    -33429.2142     71616.2398       120.1984    0.0000
       9  TIM2+I             7    -33429.9032     71617.6178       121.5764    0.0000
      10  TrN+I+G4           7    -33432.7056     71623.2227       127.1812    0.0000
--------------------------------------------------------------------------------
Best model according to BIC
---------------------------
Model:              GTR+I+G4
lnL:                -33354.9549
Frequencies:        0.2930 0.2438 0.2582 0.2049
Subst. Rates:       1.3526 9.5605 2.0519 0.2106 28.4379 1.0000 
Inv. sites prop:    0.5007
Gamma shape:        1.7950
Score:              71496.0414
Weight:             1.0000
---------------------------
Parameter importances
---------------------------
P.Inv:              0.0000
Gamma:              0.0000
Gamma-Inv:          1.0000
Frequencies:        1.0000
---------------------------
Model averaged estimates
---------------------------
P.Inv:              0.5995
Alpha:              0.2933
Alpha-P.Inv:        1.7950
P.Inv-Alpha:        0.5007
Frequencies:        0.2930 0.2438 0.2582 0.2049 

Commands:
  > phyml  -i ../data/alignment/ncbi_chrf_aln.fasta -m 012345 -f m -v e -a e -c 4 -o tlr
  > raxmlHPC-SSE3 -s ../data/alignment/ncbi_chrf_aln.fasta -m GTRGAMMAIX -n EXEC_NAME -p PARSIMONY_SEED
  > raxml-ng --msa ../data/alignment/ncbi_chrf_aln.fasta --model GTR+I+G4
  > paup -s ../data/alignment/ncbi_chrf_aln.fasta
  > iqtree -s ../data/alignment/ncbi_chrf_aln.fasta -m GTR+I+G4

AIC       model              K            lnL          score          delta    weight
--------------------------------------------------------------------------------
       1  GTR+I+G4          10    -33354.9549     67723.9097         0.0000    1.0000
       2  GTR+G4             9    -33371.5136     67755.0272        31.1174    0.0000
       3  TIM2+I+G4          8    -33385.2719     67780.5437        56.6340    0.0000
       4  TIM2+G4            7    -33401.1373     67810.2747        86.3649    0.0000
       5  GTR+I              9    -33399.2414     67810.4829        86.5731    0.0000
       6  TIM3+I+G4          8    -33412.1054     67834.2108       110.3011    0.0000
       7  SYM+I+G4           7    -33425.8231     67859.6461       135.7364    0.0000
       8  TIM3+G4            7    -33429.2142     67866.4285       142.5187    0.0000
       9  TIM2+I             7    -33429.9032     67867.8064       143.8967    0.0000
      10  TIM1+I+G4          8    -33430.8490     67871.6981       147.7884    0.0000
--------------------------------------------------------------------------------
Best model according to AIC
---------------------------
Model:              GTR+I+G4
lnL:                -33354.9549
Frequencies:        0.2930 0.2438 0.2582 0.2049
Subst. Rates:       1.3526 9.5605 2.0519 0.2106 28.4379 1.0000 
Inv. sites prop:    0.5007
Gamma shape:        1.7950
Score:              67723.9097
Weight:             1.0000
---------------------------
Parameter importances
---------------------------
P.Inv:              0.0000
Gamma:              0.0000
Gamma-Inv:          1.0000
Frequencies:        1.0000
---------------------------
Model averaged estimates
---------------------------
P.Inv:              0.5995
Alpha:              0.2933
Alpha-P.Inv:        1.7950
P.Inv-Alpha:        0.5007
Frequencies:        0.2930 0.2438 0.2582 0.2049 

Commands:
  > phyml  -i ../data/alignment/ncbi_chrf_aln.fasta -m 012345 -f m -v e -a e -c 4 -o tlr
  > raxmlHPC-SSE3 -s ../data/alignment/ncbi_chrf_aln.fasta -m GTRGAMMAIX -n EXEC_NAME -p PARSIMONY_SEED
  > raxml-ng --msa ../data/alignment/ncbi_chrf_aln.fasta --model GTR+I+G4
  > paup -s ../data/alignment/ncbi_chrf_aln.fasta
  > iqtree -s ../data/alignment/ncbi_chrf_aln.fasta -m GTR+I+G4

AICc      model              K            lnL          score          delta    weight
--------------------------------------------------------------------------------
       1  GTR+I+G4          10    -33354.9549     67765.9097         0.0000    1.0000
       2  GTR+G4             9    -33371.5136     67797.0272        31.1174    0.0000
       3  TIM2+I+G4          8    -33385.2719     67822.5437        56.6340    0.0000
       4  TIM2+G4            7    -33401.1373     67852.2747        86.3649    0.0000
       5  GTR+I              9    -33399.2414     67852.4829        86.5731    0.0000
       6  TIM3+I+G4          8    -33412.1054     67876.2108       110.3011    0.0000
       7  SYM+I+G4           7    -33425.8231     67901.6461       135.7364    0.0000
       8  TIM3+G4            7    -33429.2142     67908.4285       142.5187    0.0000
       9  TIM2+I             7    -33429.9032     67909.8064       143.8967    0.0000
      10  TIM1+I+G4          8    -33430.8490     67913.6981       147.7884    0.0000
--------------------------------------------------------------------------------
Best model according to AICc
---------------------------
Model:              GTR+I+G4
lnL:                -33354.9549
Frequencies:        0.2930 0.2438 0.2582 0.2049
Subst. Rates:       1.3526 9.5605 2.0519 0.2106 28.4379 1.0000 
Inv. sites prop:    0.5007
Gamma shape:        1.7950
Score:              67765.9097
Weight:             1.0000
---------------------------
Parameter importances
---------------------------
P.Inv:              0.0000
Gamma:              0.0000
Gamma-Inv:          1.0000
Frequencies:        1.0000
---------------------------
Model averaged estimates
---------------------------
P.Inv:              0.5995
Alpha:              0.2933
Alpha-P.Inv:        1.7950
P.Inv-Alpha:        0.5007
Frequencies:        0.2930 0.2438 0.2582 0.2049 

Commands:
  > phyml  -i ../data/alignment/ncbi_chrf_aln.fasta -m 012345 -f m -v e -a e -c 4 -o tlr
  > raxmlHPC-SSE3 -s ../data/alignment/ncbi_chrf_aln.fasta -m GTRGAMMAIX -n EXEC_NAME -p PARSIMONY_SEED
  > raxml-ng --msa ../data/alignment/ncbi_chrf_aln.fasta --model GTR+I+G4
  > paup -s ../data/alignment/ncbi_chrf_aln.fasta
  > iqtree -s ../data/alignment/ncbi_chrf_aln.fasta -m GTR+I+G4

BIC       model              K            lnL          score          delta    weight
--------------------------------------------------------------------------------
       1  TIM2+I+G4          8    -17697.7158     40162.6830         0.0000    0.7731
       2  GTR+I+G4          10    -17689.5436     40165.2189         2.5359    0.2176
       3  TIM2+G4            7    -17707.0279     40171.8673         9.1842    0.0078
       4  GTR+G4             9    -17699.2648     40175.2213        12.5383    0.0015
       5  TIM3+I+G4          8    -17717.0391     40201.3298        38.6467    0.0000
       6  TrN+I+G4           7    -17722.1485     40202.1084        39.4254    0.0000
       7  TIM1+I+G4          8    -17720.9688     40209.1890        46.5060    0.0000
       8  TrN+G4             6    -17731.5925     40211.5563        48.8732    0.0000
       9  TIM3+G4            7    -17726.8725     40211.5563        48.8733    0.0000
      10  TIM2+I             7    -17727.0331     40211.8775        49.1945    0.0000
--------------------------------------------------------------------------------
Best model according to BIC
---------------------------
Model:              TIM2+I+G4
lnL:                -17697.7158
Frequencies:        0.2779 0.2668 0.2555 0.1998
Subst. Rates:       3.2160 25.5578 3.2160 1.0000 57.5786 1.0000 
Inv. sites prop:    0.4701
Gamma shape:        1.5325
Score:              40162.6830
Weight:             0.7731
---------------------------
Parameter importances
---------------------------
P.Inv:              0.0000
Gamma:              0.0093
Gamma-Inv:          0.9907
Frequencies:        1.0000
---------------------------
Model averaged estimates
---------------------------
P.Inv:              0.5858
Alpha:              0.3131
Alpha-P.Inv:        1.5485
P.Inv-Alpha:        0.4717
Frequencies:        0.2780 0.2673 0.2555 0.1991 

Commands:
  > phyml  -i ../data/alignment/ncbi_chrf_aln.fasta -m 010232 -f m -v e -a e -c 4 -o tlr
  > raxmlHPC-SSE3 -s ../data/alignment/ncbi_chrf_aln.fasta -m GTRGAMMAIX -n EXEC_NAME -p PARSIMONY_SEED
  > raxml-ng --msa ../data/alignment/ncbi_chrf_aln.fasta --model TIM2+I+G4
  > paup -s ../data/alignment/ncbi_chrf_aln.fasta
  > iqtree -s ../data/alignment/ncbi_chrf_aln.fasta -m TIM2+I+G4

AIC       model              K            lnL          score          delta    weight
--------------------------------------------------------------------------------
       1  GTR+I+G4          10    -17689.5436     36393.0872         0.0000    0.9978
       2  TIM2+I+G4          8    -17697.7158     36405.4315        12.3443    0.0021
       3  GTR+G4             9    -17699.2648     36410.5297        17.4424    0.0002
       4  TIM2+G4            7    -17707.0279     36422.0559        28.9686    0.0000
       5  TIM3+I+G4          8    -17717.0391     36444.0783        50.9910    0.0000
       6  GTR+I              9    -17718.8092     36449.6185        56.5312    0.0000
       7  TIM1+I+G4          8    -17720.9688     36451.9375        58.8503    0.0000
       8  TrN+I+G4           7    -17722.1485     36452.2970        59.2098    0.0000
       9  TIM3+G4            7    -17726.8725     36461.7449        68.6577    0.0000
      10  TIM2+I             7    -17727.0331     36462.0661        68.9789    0.0000
--------------------------------------------------------------------------------
Best model according to AIC
---------------------------
Model:              GTR+I+G4
lnL:                -17689.5436
Frequencies:        0.2782 0.2693 0.2558 0.1967
Subst. Rates:       1.6384 14.8051 2.1963 0.2773 33.7545 1.0000 
Inv. sites prop:    0.4772
Gamma shape:        1.6055
Score:              36393.0872
Weight:             0.9978
---------------------------
Parameter importances
---------------------------
P.Inv:              0.0000
Gamma:              0.0002
Gamma-Inv:          0.9998
Frequencies:        1.0000
---------------------------
Model averaged estimates
---------------------------
P.Inv:              0.5862
Alpha:              0.3121
Alpha-P.Inv:        1.6053
P.Inv-Alpha:        0.4772
Frequencies:        0.2782 0.2693 0.2558 0.1967 

Commands:
  > phyml  -i ../data/alignment/ncbi_chrf_aln.fasta -m 012345 -f m -v e -a e -c 4 -o tlr
  > raxmlHPC-SSE3 -s ../data/alignment/ncbi_chrf_aln.fasta -m GTRGAMMAIX -n EXEC_NAME -p PARSIMONY_SEED
  > raxml-ng --msa ../data/alignment/ncbi_chrf_aln.fasta --model GTR+I+G4
  > paup -s ../data/alignment/ncbi_chrf_aln.fasta
  > iqtree -s ../data/alignment/ncbi_chrf_aln.fasta -m GTR+I+G4

AICc      model              K            lnL          score          delta    weight
--------------------------------------------------------------------------------
       1  GTR+I+G4          10    -17689.5436     36435.0872         0.0000    0.9978
       2  TIM2+I+G4          8    -17697.7158     36447.4315        12.3443    0.0021
       3  GTR+G4             9    -17699.2648     36452.5297        17.4424    0.0002
       4  TIM2+G4            7    -17707.0279     36464.0559        28.9686    0.0000
       5  TIM3+I+G4          8    -17717.0391     36486.0783        50.9910    0.0000
       6  GTR+I              9    -17718.8092     36491.6185        56.5312    0.0000
       7  TIM1+I+G4          8    -17720.9688     36493.9375        58.8503    0.0000
       8  TrN+I+G4           7    -17722.1485     36494.2970        59.2098    0.0000
       9  TIM3+G4            7    -17726.8725     36503.7449        68.6577    0.0000
      10  TIM2+I             7    -17727.0331     36504.0661        68.9789    0.0000
--------------------------------------------------------------------------------
Best model according to AICc
---------------------------
Model:              GTR+I+G4
lnL:                -17689.5436
Frequencies:        0.2782 0.2693 0.2558 0.1967
Subst. Rates:       1.6384 14.8051 2.1963 0.2773 33.7545 1.0000 
Inv. sites prop:    0.4772
Gamma shape:        1.6055
Score:              36435.0872
Weight:             0.9978
---------------------------
Parameter importances
---------------------------
P.Inv:              0.0000
Gamma:              0.0002
Gamma-Inv:          0.9998
Frequencies:        1.0000
---------------------------
Model averaged estimates
---------------------------
P.Inv:              0.5862
Alpha:              0.3121
Alpha-P.Inv:        1.6053
P.Inv-Alpha:        0.4772
Frequencies:        0.2782 0.2693 0.2558 0.1967 

Commands:
  > phyml  -i ../data/alignment/ncbi_chrf_aln.fasta -m 012345 -f m -v e -a e -c 4 -o tlr
  > raxmlHPC-SSE3 -s ../data/alignment/ncbi_chrf_aln.fasta -m GTRGAMMAIX -n EXEC_NAME -p PARSIMONY_SEED
  > raxml-ng --msa ../data/alignment/ncbi_chrf_aln.fasta --model GTR+I+G4
  > paup -s ../data/alignment/ncbi_chrf_aln.fasta
  > iqtree -s ../data/alignment/ncbi_chrf_aln.fasta -m GTR+I+G4
Done
